{"/Users/lemonjai/Projects/todo_nuxt_ts_pinia/store/todo.ts": {"path":"/Users/lemonjai/Projects/todo_nuxt_ts_pinia/store/todo.ts","all":false,"statementMap":{"0":{"start":{"line":1,"column":0},"end":{"line":1,"column":35}},"1":{"start":{"line":2,"column":0},"end":{"line":2,"column":33}},"2":{"start":{"line":3,"column":0},"end":{"line":3,"column":0}},"3":{"start":{"line":4,"column":0},"end":{"line":4,"column":23}},"4":{"start":{"line":5,"column":0},"end":{"line":5,"column":13}},"5":{"start":{"line":6,"column":0},"end":{"line":6,"column":16}},"6":{"start":{"line":7,"column":0},"end":{"line":7,"column":16}},"7":{"start":{"line":8,"column":0},"end":{"line":8,"column":17}},"8":{"start":{"line":9,"column":0},"end":{"line":9,"column":17}},"9":{"start":{"line":10,"column":0},"end":{"line":10,"column":1}},"10":{"start":{"line":11,"column":0},"end":{"line":11,"column":0}},"11":{"start":{"line":12,"column":0},"end":{"line":12,"column":41}},"12":{"start":{"line":13,"column":0},"end":{"line":13,"column":0}},"13":{"start":{"line":14,"column":0},"end":{"line":14,"column":26}},"14":{"start":{"line":15,"column":0},"end":{"line":15,"column":15}},"15":{"start":{"line":16,"column":0},"end":{"line":16,"column":1}},"16":{"start":{"line":17,"column":0},"end":{"line":17,"column":0}},"17":{"start":{"line":18,"column":0},"end":{"line":18,"column":29}},"18":{"start":{"line":19,"column":0},"end":{"line":19,"column":17}},"19":{"start":{"line":20,"column":0},"end":{"line":20,"column":16}},"20":{"start":{"line":21,"column":0},"end":{"line":21,"column":1}},"21":{"start":{"line":22,"column":0},"end":{"line":22,"column":0}},"22":{"start":{"line":23,"column":0},"end":{"line":23,"column":28}},"23":{"start":{"line":24,"column":0},"end":{"line":24,"column":29}},"24":{"start":{"line":25,"column":0},"end":{"line":25,"column":1}},"25":{"start":{"line":26,"column":0},"end":{"line":26,"column":0}},"26":{"start":{"line":27,"column":0},"end":{"line":27,"column":33}},"27":{"start":{"line":28,"column":0},"end":{"line":28,"column":11}},"28":{"start":{"line":29,"column":0},"end":{"line":29,"column":2}},"29":{"start":{"line":30,"column":0},"end":{"line":30,"column":0}},"30":{"start":{"line":31,"column":0},"end":{"line":31,"column":13}},"31":{"start":{"line":32,"column":0},"end":{"line":32,"column":17}},"32":{"start":{"line":33,"column":0},"end":{"line":33,"column":50}},"33":{"start":{"line":34,"column":0},"end":{"line":34,"column":17}},"34":{"start":{"line":35,"column":0},"end":{"line":35,"column":62}},"35":{"start":{"line":36,"column":0},"end":{"line":36,"column":4}},"36":{"start":{"line":37,"column":0},"end":{"line":37,"column":38}},"37":{"start":{"line":38,"column":0},"end":{"line":38,"column":26}},"38":{"start":{"line":39,"column":0},"end":{"line":39,"column":69}},"39":{"start":{"line":40,"column":0},"end":{"line":40,"column":4}},"40":{"start":{"line":41,"column":0},"end":{"line":41,"column":42}},"41":{"start":{"line":42,"column":0},"end":{"line":42,"column":17}},"42":{"start":{"line":43,"column":0},"end":{"line":43,"column":57}},"43":{"start":{"line":44,"column":0},"end":{"line":44,"column":19}},"44":{"start":{"line":45,"column":0},"end":{"line":45,"column":58}},"45":{"start":{"line":46,"column":0},"end":{"line":46,"column":6}},"46":{"start":{"line":47,"column":0},"end":{"line":47,"column":3}},"47":{"start":{"line":48,"column":0},"end":{"line":48,"column":1}},"48":{"start":{"line":49,"column":0},"end":{"line":49,"column":0}},"49":{"start":{"line":50,"column":0},"end":{"line":50,"column":17}},"50":{"start":{"line":51,"column":0},"end":{"line":51,"column":29}},"51":{"start":{"line":52,"column":0},"end":{"line":52,"column":25}},"52":{"start":{"line":53,"column":0},"end":{"line":53,"column":17}},"53":{"start":{"line":54,"column":0},"end":{"line":54,"column":21}},"54":{"start":{"line":55,"column":0},"end":{"line":55,"column":18}},"55":{"start":{"line":56,"column":0},"end":{"line":56,"column":28}},"56":{"start":{"line":57,"column":0},"end":{"line":57,"column":27}},"57":{"start":{"line":58,"column":0},"end":{"line":58,"column":5}},"58":{"start":{"line":59,"column":0},"end":{"line":59,"column":25}},"59":{"start":{"line":60,"column":0},"end":{"line":60,"column":4}},"60":{"start":{"line":61,"column":0},"end":{"line":61,"column":23}},"61":{"start":{"line":62,"column":0},"end":{"line":62,"column":66}},"62":{"start":{"line":63,"column":0},"end":{"line":63,"column":4}},"63":{"start":{"line":64,"column":0},"end":{"line":64,"column":43}},"64":{"start":{"line":65,"column":0},"end":{"line":65,"column":70}},"65":{"start":{"line":66,"column":0},"end":{"line":66,"column":25}},"66":{"start":{"line":67,"column":0},"end":{"line":67,"column":27}},"67":{"start":{"line":68,"column":0},"end":{"line":68,"column":16}},"68":{"start":{"line":69,"column":0},"end":{"line":69,"column":27}},"69":{"start":{"line":70,"column":0},"end":{"line":70,"column":5}},"70":{"start":{"line":71,"column":0},"end":{"line":71,"column":3}},"71":{"start":{"line":72,"column":0},"end":{"line":72,"column":1}},"72":{"start":{"line":73,"column":0},"end":{"line":73,"column":0}},"73":{"start":{"line":74,"column":0},"end":{"line":74,"column":54}},"74":{"start":{"line":75,"column":0},"end":{"line":75,"column":8}},"75":{"start":{"line":76,"column":0},"end":{"line":76,"column":10}},"76":{"start":{"line":77,"column":0},"end":{"line":77,"column":9}},"77":{"start":{"line":78,"column":0},"end":{"line":78,"column":2}}},"s":{"0":1,"1":1,"2":1,"3":1,"4":1,"5":1,"6":1,"7":1,"8":1,"9":1,"10":1,"11":1,"12":1,"13":1,"14":1,"15":1,"16":1,"17":1,"18":1,"19":1,"20":1,"21":1,"22":1,"23":1,"24":1,"25":1,"26":1,"27":12,"28":12,"29":1,"30":1,"31":1,"32":1,"33":2,"34":2,"35":2,"36":1,"37":1,"38":1,"39":1,"40":1,"41":1,"42":1,"43":4,"44":4,"45":1,"46":1,"47":1,"48":1,"49":1,"50":1,"51":8,"52":8,"53":8,"54":8,"55":8,"56":8,"57":8,"58":8,"59":8,"60":1,"61":2,"62":2,"63":1,"64":2,"65":2,"66":2,"67":2,"68":2,"69":2,"70":2,"71":1,"72":1,"73":1,"74":1,"75":1,"76":1,"77":1},"branchMap":{"0":{"type":"branch","line":27,"loc":{"start":{"line":27,"column":14},"end":{"line":29,"column":2}},"locations":[{"start":{"line":27,"column":14},"end":{"line":29,"column":2}}]},"1":{"type":"branch","line":33,"loc":{"start":{"line":33,"column":11},"end":{"line":36,"column":4}},"locations":[{"start":{"line":33,"column":11},"end":{"line":36,"column":4}}]},"2":{"type":"branch","line":33,"loc":{"start":{"line":33,"column":33},"end":{"line":36,"column":4}},"locations":[{"start":{"line":33,"column":33},"end":{"line":36,"column":4}}]},"3":{"type":"branch","line":35,"loc":{"start":{"line":35,"column":30},"end":{"line":35,"column":61}},"locations":[{"start":{"line":35,"column":30},"end":{"line":35,"column":61}}]},"4":{"type":"branch","line":37,"loc":{"start":{"line":37,"column":15},"end":{"line":40,"column":4}},"locations":[{"start":{"line":37,"column":15},"end":{"line":40,"column":4}}]},"5":{"type":"branch","line":38,"loc":{"start":{"line":38,"column":11},"end":{"line":39,"column":69}},"locations":[{"start":{"line":38,"column":11},"end":{"line":39,"column":69}}]},"6":{"type":"branch","line":39,"loc":{"start":{"line":39,"column":23},"end":{"line":39,"column":67}},"locations":[{"start":{"line":39,"column":23},"end":{"line":39,"column":67}}]},"7":{"type":"branch","line":41,"loc":{"start":{"line":41,"column":19},"end":{"line":47,"column":3}},"locations":[{"start":{"line":41,"column":19},"end":{"line":47,"column":3}}]},"8":{"type":"branch","line":43,"loc":{"start":{"line":43,"column":34},"end":{"line":46,"column":5}},"locations":[{"start":{"line":43,"column":34},"end":{"line":46,"column":5}}]},"9":{"type":"branch","line":51,"loc":{"start":{"line":51,"column":2},"end":{"line":60,"column":4}},"locations":[{"start":{"line":51,"column":2},"end":{"line":60,"column":4}}]},"10":{"type":"branch","line":61,"loc":{"start":{"line":61,"column":2},"end":{"line":63,"column":4}},"locations":[{"start":{"line":61,"column":2},"end":{"line":63,"column":4}}]},"11":{"type":"branch","line":62,"loc":{"start":{"line":62,"column":35},"end":{"line":62,"column":65}},"locations":[{"start":{"line":62,"column":35},"end":{"line":62,"column":65}}]},"12":{"type":"branch","line":64,"loc":{"start":{"line":64,"column":2},"end":{"line":71,"column":3}},"locations":[{"start":{"line":64,"column":2},"end":{"line":71,"column":3}}]},"13":{"type":"branch","line":65,"loc":{"start":{"line":65,"column":39},"end":{"line":65,"column":69}},"locations":[{"start":{"line":65,"column":39},"end":{"line":65,"column":69}}]}},"b":{"0":[12],"1":[1],"2":[2],"3":[2],"4":[1],"5":[1],"6":[1],"7":[1],"8":[4],"9":[8],"10":[2],"11":[2],"12":[2],"13":[2]},"fnMap":{"0":{"name":"state","decl":{"start":{"line":27,"column":14},"end":{"line":29,"column":2}},"loc":{"start":{"line":27,"column":14},"end":{"line":29,"column":2}},"line":27},"1":{"name":"getById","decl":{"start":{"line":33,"column":11},"end":{"line":36,"column":4}},"loc":{"start":{"line":33,"column":11},"end":{"line":36,"column":4}},"line":33},"2":{"name":"getTodoById","decl":{"start":{"line":37,"column":15},"end":{"line":40,"column":4}},"loc":{"start":{"line":37,"column":15},"end":{"line":40,"column":4}},"line":37},"3":{"name":"getOrderedTodos","decl":{"start":{"line":41,"column":19},"end":{"line":47,"column":3}},"loc":{"start":{"line":41,"column":19},"end":{"line":47,"column":3}},"line":41},"4":{"name":"add","decl":{"start":{"line":51,"column":2},"end":{"line":60,"column":4}},"loc":{"start":{"line":51,"column":2},"end":{"line":60,"column":4}},"line":51},"5":{"name":"remove","decl":{"start":{"line":61,"column":2},"end":{"line":63,"column":4}},"loc":{"start":{"line":61,"column":2},"end":{"line":63,"column":4}},"line":61},"6":{"name":"update","decl":{"start":{"line":64,"column":2},"end":{"line":71,"column":3}},"loc":{"start":{"line":64,"column":2},"end":{"line":71,"column":3}},"line":64}},"f":{"0":12,"1":1,"2":1,"3":1,"4":8,"5":2,"6":2}}
}
